<?xml version="1.0" encoding="UTF-8"?>
<testng-results skipped="0" failed="0" total="1" passed="1">
  <reporter-output>
  </reporter-output>
  <suite name="Default suite" duration-ms="33" started-at="2016-09-27T17:35:36Z" finished-at="2016-09-27T17:35:36Z">
    <groups>
    </groups>
    <test name="Default test" duration-ms="33" started-at="2016-09-27T17:35:36Z" finished-at="2016-09-27T17:35:36Z">
      <class name="com.myproj.week19.TestFindDupUsingSet">
        <test-method status="PASS" signature="setup()[pri:0, instance:com.myproj.week19.TestFindDupUsingSet@37a96]" name="setup" is-config="true" duration-ms="10" started-at="2016-09-27T10:35:36Z" finished-at="2016-09-27T10:35:36Z">
          <reporter-output>
          </reporter-output>
        </test-method> <!-- setup -->
        <test-method status="PASS" signature="testFindDupUsingSet()[pri:0, instance:com.myproj.week19.TestFindDupUsingSet@37a96]" name="testFindDupUsingSet" duration-ms="6" started-at="2016-09-27T10:35:36Z" finished-at="2016-09-27T10:35:36Z">
          <reporter-output>
          </reporter-output>
        </test-method> <!-- testFindDupUsingSet -->
      </class> <!-- com.myproj.week19.TestFindDupUsingSet -->
    </test> <!-- Default test -->
  </suite> <!-- Default suite -->
</testng-results>
